<?xml version="1.0" encoding="UTF-8"?>
<!-- Generated by org.testng.reporters.JUnitReportReporter -->
<testsuite hostname="SC-201806090819" name="TestDeno" tests="1" failures="0" timestamp="12 Aug 2018 17:20:00 GMT" time="0.001" errors="0">
  <testcase name="divisionWithException" time="0.001" classname="TestDeno"/>
</testsuite> <!-- TestDeno -->
