<?xml version="1.0" encoding="UTF-8"?>
<!-- Generated by org.testng.reporters.JUnitReportReporter -->
<testsuite hostname="SC-201806090819" name="TestWn01" tests="2" failures="0" timestamp="12 Aug 2018 17:20:00 GMT" time="0.005" errors="0">
  <testcase name="Test1" time="0.001" classname="TestWn01"/>
  <testcase name="Test2" time="0.004" classname="TestWn01"/>
</testsuite> <!-- TestWn01 -->
