<?xml version="1.0" encoding="UTF-8"?>
<!-- Generated by org.testng.reporters.JUnitReportReporter -->
<testsuite hostname="SC-201806090819" name="TestDemo3" tests="3" failures="0" timestamp="12 Aug 2018 17:20:00 GMT" time="3.001" errors="0">
  <testcase name="test2" time="1.001" classname="TestDemo3"/>
  <testcase name="test1" time="1.000" classname="TestDemo3"/>
  <testcase name="test3" time="1.000" classname="TestDemo3"/>
</testsuite> <!-- TestDemo3 -->
